Build started T3 11 04 2023 4:52:47 CH.
     1>Project "E:\Hung Document\HCMUS\Project C\oop_test_12\kq\kq.vcxproj" on node 2 (build target(s)).
     1>InitializeBuildStatus:
         Creating "Debug\kq.unsuccessfulbuild" because "AlwaysCreate" was specified.
       ClCompile:
         C:\Program Files (x86)\Microsoft Visual Studio 10.0\VC\bin\CL.exe /c /ZI /nologo /W3 /WX- /Od /Oy- /D WIN32 /D _DEBUG /D _WINDOWS /D _UNICODE /D UNICODE /Gm /EHsc /RTC1 /MDd /GS /fp:precise /Zc:wchar_t /Zc:forScope /Fo"Debug\\" /Fd"Debug\vc100.pdb" /Gd /TP /analyze- /errorReport:prompt "C:\Users\hient\Downloads\QL_tiemthuoc (2).cpp"
         QL_tiemthuoc (2).cpp
     1>c:\users\hient\downloads\ql_tiemthuoc (2).cpp(244): warning C4101: 'ngay_mua' : unreferenced local variable
     1>c:\users\hient\downloads\ql_tiemthuoc (2).cpp(243): warning C4101: 'ngay' : unreferenced local variable
     1>c:\users\hient\downloads\ql_tiemthuoc (2).cpp(243): warning C4101: 'nam' : unreferenced local variable
     1>c:\users\hient\downloads\ql_tiemthuoc (2).cpp(243): warning C4101: 'thang' : unreferenced local variable
     1>c:\users\hient\downloads\ql_tiemthuoc (2).cpp(308): warning C4244: '=' : conversion from 'float' to 'int', possible loss of data
     1>c:\users\hient\downloads\ql_tiemthuoc (2).cpp(317): warning C4244: '=' : conversion from 'float' to 'int', possible loss of data
     1>c:\users\hient\downloads\ql_tiemthuoc (2).cpp(363): warning C4258: 'i' : definition from the for loop is ignored; the definition from the enclosing scope is used
                 c:\users\hient\downloads\ql_tiemthuoc (2).cpp(356) : definition of 'i' ignored
                 c:\users\hient\downloads\ql_tiemthuoc (2).cpp(341) : definition of 'i' used
     1>c:\users\hient\downloads\ql_tiemthuoc (2).cpp(366): warning C4258: 'i' : definition from the for loop is ignored; the definition from the enclosing scope is used
                 c:\users\hient\downloads\ql_tiemthuoc (2).cpp(356) : definition of 'i' ignored
                 c:\users\hient\downloads\ql_tiemthuoc (2).cpp(341) : definition of 'i' used
     1>c:\users\hient\downloads\ql_tiemthuoc (2).cpp(366): warning C4258: 'i' : definition from the for loop is ignored; the definition from the enclosing scope is used
                 c:\users\hient\downloads\ql_tiemthuoc (2).cpp(356) : definition of 'i' ignored
                 c:\users\hient\downloads\ql_tiemthuoc (2).cpp(341) : definition of 'i' used
     1>c:\users\hient\downloads\ql_tiemthuoc (2).cpp(367): warning C4258: 'i' : definition from the for loop is ignored; the definition from the enclosing scope is used
                 c:\users\hient\downloads\ql_tiemthuoc (2).cpp(356) : definition of 'i' ignored
                 c:\users\hient\downloads\ql_tiemthuoc (2).cpp(341) : definition of 'i' used
     1>c:\users\hient\downloads\ql_tiemthuoc (2).cpp(368): warning C4258: 'i' : definition from the for loop is ignored; the definition from the enclosing scope is used
                 c:\users\hient\downloads\ql_tiemthuoc (2).cpp(356) : definition of 'i' ignored
                 c:\users\hient\downloads\ql_tiemthuoc (2).cpp(341) : definition of 'i' used
     1>c:\users\hient\downloads\ql_tiemthuoc (2).cpp(369): warning C4258: 'i' : definition from the for loop is ignored; the definition from the enclosing scope is used
                 c:\users\hient\downloads\ql_tiemthuoc (2).cpp(356) : definition of 'i' ignored
                 c:\users\hient\downloads\ql_tiemthuoc (2).cpp(341) : definition of 'i' used
     1>c:\users\hient\downloads\ql_tiemthuoc (2).cpp(370): warning C4258: 'i' : definition from the for loop is ignored; the definition from the enclosing scope is used
                 c:\users\hient\downloads\ql_tiemthuoc (2).cpp(356) : definition of 'i' ignored
                 c:\users\hient\downloads\ql_tiemthuoc (2).cpp(341) : definition of 'i' used
     1>c:\users\hient\downloads\ql_tiemthuoc (2).cpp(372): warning C4258: 'i' : definition from the for loop is ignored; the definition from the enclosing scope is used
                 c:\users\hient\downloads\ql_tiemthuoc (2).cpp(356) : definition of 'i' ignored
                 c:\users\hient\downloads\ql_tiemthuoc (2).cpp(341) : definition of 'i' used
     1>c:\users\hient\downloads\ql_tiemthuoc (2).cpp(373): warning C4258: 'i' : definition from the for loop is ignored; the definition from the enclosing scope is used
                 c:\users\hient\downloads\ql_tiemthuoc (2).cpp(356) : definition of 'i' ignored
                 c:\users\hient\downloads\ql_tiemthuoc (2).cpp(341) : definition of 'i' used
     1>c:\users\hient\downloads\ql_tiemthuoc (2).cpp(390): warning C4101: 'a' : unreferenced local variable
     1>c:\users\hient\downloads\ql_tiemthuoc (2).cpp(384): warning C4101: 'N' : unreferenced local variable
       ManifestResourceCompile:
         All outputs are up-to-date.
       Link:
         C:\Program Files (x86)\Microsoft Visual Studio 10.0\VC\bin\link.exe /ERRORREPORT:PROMPT /OUT:"E:\Hung Document\HCMUS\Project C\oop_test_12\Debug\kq.exe" /INCREMENTAL /NOLOGO kernel32.lib user32.lib gdi32.lib winspool.lib comdlg32.lib advapi32.lib shell32.lib ole32.lib oleaut32.lib uuid.lib odbc32.lib odbccp32.lib /MANIFEST /ManifestFile:"Debug\kq.exe.intermediate.manifest" /MANIFESTUAC:"level='asInvoker' uiAccess='false'" /DEBUG /PDB:"E:\Hung Document\HCMUS\Project C\oop_test_12\Debug\kq.pdb" /SUBSYSTEM:CONSOLE /TLBID:1 /DYNAMICBASE /NXCOMPAT /IMPLIB:"E:\Hung Document\HCMUS\Project C\oop_test_12\Debug\kq.lib" /MACHINE:X86 Debug\kq.exe.embed.manifest.res
         "Debug\QL_tiemthuoc (2).obj"
       Manifest:
         C:\Program Files (x86)\Microsoft SDKs\Windows\v7.0A\bin\mt.exe /nologo /verbose /out:"Debug\kq.exe.embed.manifest" /manifest Debug\kq.exe.intermediate.manifest
         All outputs are up-to-date.
       LinkEmbedManifest:
         All outputs are up-to-date.
         kq.vcxproj -> E:\Hung Document\HCMUS\Project C\oop_test_12\Debug\kq.exe
       FinalizeBuildStatus:
         Deleting file "Debug\kq.unsuccessfulbuild".
         Touching "Debug\kq.lastbuildstate".
     1>Done Building Project "E:\Hung Document\HCMUS\Project C\oop_test_12\kq\kq.vcxproj" (build target(s)).

Build succeeded.

Time Elapsed 00:00:09.18
